2026-02-25 01:19:54.197 [main] DEBUG org.example.service.TareaService - [buscarTareaId] Buscando tarea con ID=99 entre 0 tarea(s).
2026-02-25 01:19:54.202 [main] ERROR org.example.service.TareaService - [buscarTareaId] Tarea no encontrada con ID=99
2026-02-25 01:19:54.241 [main] DEBUG org.example.service.TareaService - [agregarTarea] Inicio - nombre='Ir al gimnasio', descripcion='Entrenar pierna'
2026-02-25 01:19:54.245 [main] DEBUG org.example.service.TareaService - [agregarTarea] Validaciones pasadas correctamente.
2026-02-25 01:19:54.245 [main] INFO  org.example.service.TareaService - [agregarTarea] Tarea agregada exitosamente - ID=1
2026-02-25 01:19:54.246 [main] DEBUG org.example.service.TareaService - [listarTareas] Inicio - consultando lista completa.
2026-02-25 01:19:54.246 [main] DEBUG org.example.service.TareaService - [listarTareas] Total de tareas encontradas: 1
2026-02-25 01:19:54.246 [main] DEBUG org.example.service.TareaService - [completarTarea] Inicio - buscando tarea con ID=1
2026-02-25 01:19:54.246 [main] DEBUG org.example.service.TareaService - [buscarTareaId] Buscando tarea con ID=1 entre 1 tarea(s).
2026-02-25 01:19:54.246 [main] DEBUG org.example.service.TareaService - [completarTarea] Tarea encontrada - ID=1, nombre='Ir al gimnasio', estadoActual=false
2026-02-25 01:19:54.246 [main] INFO  org.example.service.TareaService - [completarTarea] Tarea ID=1 marcada como completada exitosamente.
2026-02-25 01:19:54.246 [main] DEBUG org.example.service.TareaService - [marcarTareaComoIncompleta] Inicio - buscando tarea con ID=1
2026-02-25 01:19:54.246 [main] DEBUG org.example.service.TareaService - [buscarTareaId] Buscando tarea con ID=1 entre 1 tarea(s).
2026-02-25 01:19:54.247 [main] DEBUG org.example.service.TareaService - [marcarTareaComoIncompleta] Tarea encontrada - ID=1, nombre='Ir al gimnasio', estadoActual=true
2026-02-25 01:19:54.247 [main] INFO  org.example.service.TareaService - [marcarTareaComoIncompleta] Tarea ID=1 marcada como incompleta exitosamente.
2026-02-25 01:19:54.247 [main] DEBUG org.example.service.TareaService - [listarTareas] Inicio - consultando lista completa.
2026-02-25 01:19:54.247 [main] DEBUG org.example.service.TareaService - [listarTareas] Total de tareas encontradas: 1
2026-02-25 01:19:54.251 [main] DEBUG org.example.service.TareaService - [eliminarTarea] Inicio - buscando tarea con ID=500
2026-02-25 01:19:54.251 [main] DEBUG org.example.service.TareaService - [buscarTareaId] Buscando tarea con ID=500 entre 0 tarea(s).
2026-02-25 01:19:54.251 [main] ERROR org.example.service.TareaService - [buscarTareaId] Tarea no encontrada con ID=500
2026-02-25 01:19:54.254 [main] DEBUG org.example.service.TareaService - [agregarTarea] Inicio - nombre='Lavar platos', descripcion='Usar detergente'
2026-02-25 01:19:54.254 [main] DEBUG org.example.service.TareaService - [agregarTarea] Validaciones pasadas correctamente.
2026-02-25 01:19:54.254 [main] INFO  org.example.service.TareaService - [agregarTarea] Tarea agregada exitosamente - ID=2
2026-02-25 01:19:54.255 [main] DEBUG org.example.service.TareaService - [listarTareas] Inicio - consultando lista completa.
2026-02-25 01:19:54.255 [main] DEBUG org.example.service.TareaService - [listarTareas] Total de tareas encontradas: 1
2026-02-25 01:19:54.255 [main] DEBUG org.example.service.TareaService - [marcarTareaComoIncompleta] Inicio - buscando tarea con ID=2
2026-02-25 01:19:54.255 [main] DEBUG org.example.service.TareaService - [buscarTareaId] Buscando tarea con ID=2 entre 1 tarea(s).
2026-02-25 01:19:54.256 [main] DEBUG org.example.service.TareaService - [marcarTareaComoIncompleta] Tarea encontrada - ID=2, nombre='Lavar platos', estadoActual=false
2026-02-25 01:19:54.256 [main] WARN  org.example.service.TareaService - [marcarTareaComoIncompleta] Operación rechazada - la tarea ID=2 ya estaba incompleta.
2026-02-25 01:19:54.260 [main] DEBUG org.example.service.TareaService - [exportarTareas] Inicio - nombreArchivo='', totalTareas=0
2026-02-25 01:19:54.261 [main] ERROR org.example.service.TareaService - [exportarTareas] Nombre de archivo inválido: ''
2026-02-25 01:19:54.263 [main] DEBUG org.example.service.TareaService - [agregarTarea] Inicio - nombre='Prueba', descripcion='Descripción'
2026-02-25 01:19:54.264 [main] DEBUG org.example.service.TareaService - [agregarTarea] Validaciones pasadas correctamente.
2026-02-25 01:19:54.264 [main] INFO  org.example.service.TareaService - [agregarTarea] Tarea agregada exitosamente - ID=3
2026-02-25 01:19:54.264 [main] DEBUG org.example.service.TareaService - [listarTareas] Inicio - consultando lista completa.
2026-02-25 01:19:54.264 [main] DEBUG org.example.service.TareaService - [listarTareas] Total de tareas encontradas: 1
2026-02-25 01:19:54.264 [main] DEBUG org.example.service.TareaService - [completarTarea] Inicio - buscando tarea con ID=3
2026-02-25 01:19:54.264 [main] DEBUG org.example.service.TareaService - [buscarTareaId] Buscando tarea con ID=3 entre 1 tarea(s).
2026-02-25 01:19:54.264 [main] DEBUG org.example.service.TareaService - [completarTarea] Tarea encontrada - ID=3, nombre='Prueba', estadoActual=false
2026-02-25 01:19:54.264 [main] INFO  org.example.service.TareaService - [completarTarea] Tarea ID=3 marcada como completada exitosamente.
2026-02-25 01:19:54.265 [main] DEBUG org.example.service.TareaService - [completarTarea] Inicio - buscando tarea con ID=3
2026-02-25 01:19:54.265 [main] DEBUG org.example.service.TareaService - [buscarTareaId] Buscando tarea con ID=3 entre 1 tarea(s).
2026-02-25 01:19:54.265 [main] DEBUG org.example.service.TareaService - [completarTarea] Tarea encontrada - ID=3, nombre='Prueba', estadoActual=true
2026-02-25 01:19:54.265 [main] WARN  org.example.service.TareaService - [completarTarea] Operación rechazada - la tarea ID=3 ya estaba completada.
2026-02-25 01:19:54.268 [main] DEBUG org.example.service.TareaService - [agregarTarea] Inicio - nombre='', descripcion='Descripción válida'
2026-02-25 01:19:54.272 [main] DEBUG org.example.service.TareaService - [agregarTarea] Inicio - nombre='Borrar', descripcion='Esta tarea será eliminada'
2026-02-25 01:19:54.273 [main] DEBUG org.example.service.TareaService - [agregarTarea] Validaciones pasadas correctamente.
2026-02-25 01:19:54.273 [main] INFO  org.example.service.TareaService - [agregarTarea] Tarea agregada exitosamente - ID=4
2026-02-25 01:19:54.273 [main] DEBUG org.example.service.TareaService - [listarTareas] Inicio - consultando lista completa.
2026-02-25 01:19:54.273 [main] DEBUG org.example.service.TareaService - [listarTareas] Total de tareas encontradas: 1
2026-02-25 01:19:54.273 [main] DEBUG org.example.service.TareaService - [eliminarTarea] Inicio - buscando tarea con ID=4
2026-02-25 01:19:54.273 [main] DEBUG org.example.service.TareaService - [buscarTareaId] Buscando tarea con ID=4 entre 1 tarea(s).
2026-02-25 01:19:54.273 [main] DEBUG org.example.service.TareaService - [eliminarTarea] Tarea encontrada - ID=4, nombre='Borrar'. Procediendo a eliminar.
2026-02-25 01:19:54.273 [main] WARN  org.example.service.TareaService - [eliminarTarea] Tarea ID=4 eliminada del sistema. Tareas restantes: 0
2026-02-25 01:19:54.274 [main] DEBUG org.example.service.TareaService - [listarTareas] Inicio - consultando lista completa.
2026-02-25 01:19:54.274 [main] DEBUG org.example.service.TareaService - [listarTareas] Total de tareas encontradas: 0
2026-02-25 01:19:54.278 [main] DEBUG org.example.service.TareaService - [agregarTarea] Inicio - nombre='Matemáticas', descripcion='Tarea para el lunes'
2026-02-25 01:19:54.278 [main] DEBUG org.example.service.TareaService - [agregarTarea] Validaciones pasadas correctamente.
2026-02-25 01:19:54.278 [main] INFO  org.example.service.TareaService - [agregarTarea] Tarea agregada exitosamente - ID=5
2026-02-25 01:19:54.279 [main] DEBUG org.example.service.TareaService - [listarTareas] Inicio - consultando lista completa.
2026-02-25 01:19:54.279 [main] DEBUG org.example.service.TareaService - [listarTareas] Total de tareas encontradas: 1
2026-02-25 01:19:54.283 [main] DEBUG org.example.service.TareaService - [agregarTarea] Inicio - nombre='null', descripcion='Descripción válida'
2026-02-25 01:19:54.286 [main] DEBUG org.example.service.TareaService - [agregarTarea] Inicio - nombre='Estudiar', descripcion='Preparar examen de Java'
2026-02-25 01:19:54.287 [main] DEBUG org.example.service.TareaService - [agregarTarea] Validaciones pasadas correctamente.
2026-02-25 01:19:54.287 [main] INFO  org.example.service.TareaService - [agregarTarea] Tarea agregada exitosamente - ID=6
2026-02-25 01:19:54.287 [main] DEBUG org.example.service.TareaService - [listarTareas] Inicio - consultando lista completa.
2026-02-25 01:19:54.287 [main] DEBUG org.example.service.TareaService - [listarTareas] Total de tareas encontradas: 1
2026-02-25 01:19:54.287 [main] DEBUG org.example.service.TareaService - [completarTarea] Inicio - buscando tarea con ID=6
2026-02-25 01:19:54.287 [main] DEBUG org.example.service.TareaService - [buscarTareaId] Buscando tarea con ID=6 entre 1 tarea(s).
2026-02-25 01:19:54.287 [main] DEBUG org.example.service.TareaService - [completarTarea] Tarea encontrada - ID=6, nombre='Estudiar', estadoActual=false
2026-02-25 01:19:54.287 [main] INFO  org.example.service.TareaService - [completarTarea] Tarea ID=6 marcada como completada exitosamente.
2026-02-25 01:19:54.287 [main] DEBUG org.example.service.TareaService - [listarTareas] Inicio - consultando lista completa.
2026-02-25 01:19:54.287 [main] DEBUG org.example.service.TareaService - [listarTareas] Total de tareas encontradas: 1
2026-02-25 01:19:54.290 [main] DEBUG org.example.service.TareaService - [agregarTarea] Inicio - nombre='Test Export', descripcion='Contenido para el archivo'
2026-02-25 01:19:54.290 [main] DEBUG org.example.service.TareaService - [agregarTarea] Validaciones pasadas correctamente.
2026-02-25 01:19:54.290 [main] INFO  org.example.service.TareaService - [agregarTarea] Tarea agregada exitosamente - ID=7
2026-02-25 01:19:54.292 [main] DEBUG org.example.service.TareaService - [exportarTareas] Inicio - nombreArchivo='test_tareas.txt', totalTareas=1
2026-02-25 01:19:54.292 [main] INFO  org.example.service.TareaService - [exportarTareas] Iniciando exportación a archivo: 'test_tareas.txt'
2026-02-25 01:19:54.297 [main] DEBUG org.example.service.TareaService - [exportarTareas] Tarea escrita - ID=7, nombre='Test Export'
2026-02-25 01:19:54.297 [main] INFO  org.example.service.TareaService - [exportarTareas] Exportación completada exitosamente. 1 tarea(s) exportada(s) a 'test_tareas.txt'.
2026-02-25 01:42:17.642 [main] DEBUG org.example.service.TareaService - [buscarTareaId] Buscando tarea con ID=99 entre 0 tarea(s).
2026-02-25 01:42:17.647 [main] ERROR org.example.service.TareaService - [buscarTareaId] Tarea no encontrada con ID=99
2026-02-25 01:42:17.660 [main] DEBUG org.example.service.TareaService - [agregarTarea] Inicio - nombre='Ir al gimnasio', descripcion='Entrenar pierna'
2026-02-25 01:42:17.663 [main] DEBUG org.example.service.TareaService - [agregarTarea] Validaciones pasadas correctamente.
2026-02-25 01:42:17.663 [main] INFO  org.example.service.TareaService - [agregarTarea] Tarea agregada exitosamente - ID=1
2026-02-25 01:42:17.663 [main] DEBUG org.example.service.TareaService - [listarTareas] Inicio - consultando lista completa.
2026-02-25 01:42:17.663 [main] DEBUG org.example.service.TareaService - [listarTareas] Total de tareas encontradas: 1
2026-02-25 01:42:17.663 [main] DEBUG org.example.service.TareaService - [completarTarea] Inicio - buscando tarea con ID=1
2026-02-25 01:42:17.664 [main] DEBUG org.example.service.TareaService - [buscarTareaId] Buscando tarea con ID=1 entre 1 tarea(s).
2026-02-25 01:42:17.664 [main] DEBUG org.example.service.TareaService - [completarTarea] Tarea encontrada - ID=1, nombre='Ir al gimnasio', estadoActual=false
2026-02-25 01:42:17.664 [main] INFO  org.example.service.TareaService - [completarTarea] Tarea ID=1 marcada como completada exitosamente.
2026-02-25 01:42:17.664 [main] DEBUG org.example.service.TareaService - [marcarTareaComoIncompleta] Inicio - buscando tarea con ID=1
2026-02-25 01:42:17.664 [main] DEBUG org.example.service.TareaService - [buscarTareaId] Buscando tarea con ID=1 entre 1 tarea(s).
2026-02-25 01:42:17.664 [main] DEBUG org.example.service.TareaService - [marcarTareaComoIncompleta] Tarea encontrada - ID=1, nombre='Ir al gimnasio', estadoActual=true
2026-02-25 01:42:17.664 [main] INFO  org.example.service.TareaService - [marcarTareaComoIncompleta] Tarea ID=1 marcada como incompleta exitosamente.
2026-02-25 01:42:17.664 [main] DEBUG org.example.service.TareaService - [listarTareas] Inicio - consultando lista completa.
2026-02-25 01:42:17.665 [main] DEBUG org.example.service.TareaService - [listarTareas] Total de tareas encontradas: 1
2026-02-25 01:42:17.669 [main] DEBUG org.example.service.TareaService - [eliminarTarea] Inicio - buscando tarea con ID=500
2026-02-25 01:42:17.669 [main] DEBUG org.example.service.TareaService - [buscarTareaId] Buscando tarea con ID=500 entre 0 tarea(s).
2026-02-25 01:42:17.669 [main] ERROR org.example.service.TareaService - [buscarTareaId] Tarea no encontrada con ID=500
2026-02-25 01:42:17.673 [main] DEBUG org.example.service.TareaService - [agregarTarea] Inicio - nombre='Lavar platos', descripcion='Usar detergente'
2026-02-25 01:42:17.673 [main] DEBUG org.example.service.TareaService - [agregarTarea] Validaciones pasadas correctamente.
2026-02-25 01:42:17.673 [main] INFO  org.example.service.TareaService - [agregarTarea] Tarea agregada exitosamente - ID=2
2026-02-25 01:42:17.673 [main] DEBUG org.example.service.TareaService - [listarTareas] Inicio - consultando lista completa.
2026-02-25 01:42:17.673 [main] DEBUG org.example.service.TareaService - [listarTareas] Total de tareas encontradas: 1
2026-02-25 01:42:17.674 [main] DEBUG org.example.service.TareaService - [marcarTareaComoIncompleta] Inicio - buscando tarea con ID=2
2026-02-25 01:42:17.674 [main] DEBUG org.example.service.TareaService - [buscarTareaId] Buscando tarea con ID=2 entre 1 tarea(s).
2026-02-25 01:42:17.674 [main] DEBUG org.example.service.TareaService - [marcarTareaComoIncompleta] Tarea encontrada - ID=2, nombre='Lavar platos', estadoActual=false
2026-02-25 01:42:17.675 [main] WARN  org.example.service.TareaService - [marcarTareaComoIncompleta] Operación rechazada - la tarea ID=2 ya estaba incompleta.
2026-02-25 01:42:17.678 [main] DEBUG org.example.service.TareaService - [exportarTareas] Inicio - nombreArchivo='', totalTareas=0
2026-02-25 01:42:17.679 [main] ERROR org.example.service.TareaService - [exportarTareas] Nombre de archivo inválido: ''
2026-02-25 01:42:17.681 [main] DEBUG org.example.service.TareaService - [agregarTarea] Inicio - nombre='Prueba', descripcion='Descripción'
2026-02-25 01:42:17.682 [main] DEBUG org.example.service.TareaService - [agregarTarea] Validaciones pasadas correctamente.
2026-02-25 01:42:17.682 [main] INFO  org.example.service.TareaService - [agregarTarea] Tarea agregada exitosamente - ID=3
2026-02-25 01:42:17.682 [main] DEBUG org.example.service.TareaService - [listarTareas] Inicio - consultando lista completa.
2026-02-25 01:42:17.682 [main] DEBUG org.example.service.TareaService - [listarTareas] Total de tareas encontradas: 1
2026-02-25 01:42:17.682 [main] DEBUG org.example.service.TareaService - [completarTarea] Inicio - buscando tarea con ID=3
2026-02-25 01:42:17.682 [main] DEBUG org.example.service.TareaService - [buscarTareaId] Buscando tarea con ID=3 entre 1 tarea(s).
2026-02-25 01:42:17.682 [main] DEBUG org.example.service.TareaService - [completarTarea] Tarea encontrada - ID=3, nombre='Prueba', estadoActual=false
2026-02-25 01:42:17.682 [main] INFO  org.example.service.TareaService - [completarTarea] Tarea ID=3 marcada como completada exitosamente.
2026-02-25 01:42:17.683 [main] DEBUG org.example.service.TareaService - [completarTarea] Inicio - buscando tarea con ID=3
2026-02-25 01:42:17.683 [main] DEBUG org.example.service.TareaService - [buscarTareaId] Buscando tarea con ID=3 entre 1 tarea(s).
2026-02-25 01:42:17.683 [main] DEBUG org.example.service.TareaService - [completarTarea] Tarea encontrada - ID=3, nombre='Prueba', estadoActual=true
2026-02-25 01:42:17.684 [main] WARN  org.example.service.TareaService - [completarTarea] Operación rechazada - la tarea ID=3 ya estaba completada.
2026-02-25 01:42:17.687 [main] DEBUG org.example.service.TareaService - [agregarTarea] Inicio - nombre='', descripcion='Descripción válida'
2026-02-25 01:42:17.690 [main] DEBUG org.example.service.TareaService - [agregarTarea] Inicio - nombre='Borrar', descripcion='Esta tarea será eliminada'
2026-02-25 01:42:17.690 [main] DEBUG org.example.service.TareaService - [agregarTarea] Validaciones pasadas correctamente.
2026-02-25 01:42:17.690 [main] INFO  org.example.service.TareaService - [agregarTarea] Tarea agregada exitosamente - ID=4
2026-02-25 01:42:17.690 [main] DEBUG org.example.service.TareaService - [listarTareas] Inicio - consultando lista completa.
2026-02-25 01:42:17.690 [main] DEBUG org.example.service.TareaService - [listarTareas] Total de tareas encontradas: 1
2026-02-25 01:42:17.690 [main] DEBUG org.example.service.TareaService - [eliminarTarea] Inicio - buscando tarea con ID=4
2026-02-25 01:42:17.691 [main] DEBUG org.example.service.TareaService - [buscarTareaId] Buscando tarea con ID=4 entre 1 tarea(s).
2026-02-25 01:42:17.691 [main] DEBUG org.example.service.TareaService - [eliminarTarea] Tarea encontrada - ID=4, nombre='Borrar'. Procediendo a eliminar.
2026-02-25 01:42:17.691 [main] WARN  org.example.service.TareaService - [eliminarTarea] Tarea ID=4 eliminada del sistema. Tareas restantes: 0
2026-02-25 01:42:17.691 [main] DEBUG org.example.service.TareaService - [listarTareas] Inicio - consultando lista completa.
2026-02-25 01:42:17.691 [main] DEBUG org.example.service.TareaService - [listarTareas] Total de tareas encontradas: 0
2026-02-25 01:42:17.695 [main] DEBUG org.example.service.TareaService - [agregarTarea] Inicio - nombre='Matemáticas', descripcion='Tarea para el lunes'
2026-02-25 01:42:17.696 [main] DEBUG org.example.service.TareaService - [agregarTarea] Validaciones pasadas correctamente.
2026-02-25 01:42:17.696 [main] INFO  org.example.service.TareaService - [agregarTarea] Tarea agregada exitosamente - ID=5
2026-02-25 01:42:17.696 [main] DEBUG org.example.service.TareaService - [listarTareas] Inicio - consultando lista completa.
2026-02-25 01:42:17.696 [main] DEBUG org.example.service.TareaService - [listarTareas] Total de tareas encontradas: 1
2026-02-25 01:42:17.700 [main] DEBUG org.example.service.TareaService - [agregarTarea] Inicio - nombre='null', descripcion='Descripción válida'
2026-02-25 01:42:17.704 [main] DEBUG org.example.service.TareaService - [agregarTarea] Inicio - nombre='Estudiar', descripcion='Preparar examen de Java'
2026-02-25 01:42:17.704 [main] DEBUG org.example.service.TareaService - [agregarTarea] Validaciones pasadas correctamente.
2026-02-25 01:42:17.705 [main] INFO  org.example.service.TareaService - [agregarTarea] Tarea agregada exitosamente - ID=6
2026-02-25 01:42:17.705 [main] DEBUG org.example.service.TareaService - [listarTareas] Inicio - consultando lista completa.
2026-02-25 01:42:17.705 [main] DEBUG org.example.service.TareaService - [listarTareas] Total de tareas encontradas: 1
2026-02-25 01:42:17.705 [main] DEBUG org.example.service.TareaService - [completarTarea] Inicio - buscando tarea con ID=6
2026-02-25 01:42:17.705 [main] DEBUG org.example.service.TareaService - [buscarTareaId] Buscando tarea con ID=6 entre 1 tarea(s).
2026-02-25 01:42:17.705 [main] DEBUG org.example.service.TareaService - [completarTarea] Tarea encontrada - ID=6, nombre='Estudiar', estadoActual=false
2026-02-25 01:42:17.705 [main] INFO  org.example.service.TareaService - [completarTarea] Tarea ID=6 marcada como completada exitosamente.
2026-02-25 01:42:17.705 [main] DEBUG org.example.service.TareaService - [listarTareas] Inicio - consultando lista completa.
2026-02-25 01:42:17.706 [main] DEBUG org.example.service.TareaService - [listarTareas] Total de tareas encontradas: 1
2026-02-25 01:42:17.709 [main] DEBUG org.example.service.TareaService - [agregarTarea] Inicio - nombre='Test Export', descripcion='Contenido para el archivo'
2026-02-25 01:42:17.709 [main] DEBUG org.example.service.TareaService - [agregarTarea] Validaciones pasadas correctamente.
2026-02-25 01:42:17.709 [main] INFO  org.example.service.TareaService - [agregarTarea] Tarea agregada exitosamente - ID=7
2026-02-25 01:42:17.710 [main] DEBUG org.example.service.TareaService - [exportarTareas] Inicio - nombreArchivo='test_tareas.txt', totalTareas=1
2026-02-25 01:42:17.711 [main] INFO  org.example.service.TareaService - [exportarTareas] Iniciando exportación a archivo: 'test_tareas.txt'
2026-02-25 01:42:17.716 [main] DEBUG org.example.service.TareaService - [exportarTareas] Tarea escrita - ID=7, nombre='Test Export'
2026-02-25 01:42:17.716 [main] INFO  org.example.service.TareaService - [exportarTareas] Exportación completada exitosamente. 1 tarea(s) exportada(s) a 'test_tareas.txt'.
2026-02-25 01:43:21.039 [main] DEBUG org.example.service.TareaService - [buscarTareaId] Buscando tarea con ID=99 entre 0 tarea(s).
2026-02-25 01:43:21.051 [main] ERROR org.example.service.TareaService - [buscarTareaId] Tarea no encontrada con ID=99
2026-02-25 01:43:21.079 [main] DEBUG org.example.service.TareaService - [agregarTarea] Inicio - nombre='Ir al gimnasio', descripcion='Entrenar pierna'
2026-02-25 01:43:21.082 [main] DEBUG org.example.service.TareaService - [agregarTarea] Validaciones pasadas correctamente.
2026-02-25 01:43:21.082 [main] INFO  org.example.service.TareaService - [agregarTarea] Tarea agregada exitosamente - ID=1
2026-02-25 01:43:21.082 [main] DEBUG org.example.service.TareaService - [listarTareas] Inicio - consultando lista completa.
2026-02-25 01:43:21.082 [main] DEBUG org.example.service.TareaService - [listarTareas] Total de tareas encontradas: 1
2026-02-25 01:43:21.082 [main] DEBUG org.example.service.TareaService - [completarTarea] Inicio - buscando tarea con ID=1
2026-02-25 01:43:21.082 [main] DEBUG org.example.service.TareaService - [buscarTareaId] Buscando tarea con ID=1 entre 1 tarea(s).
2026-02-25 01:43:21.083 [main] DEBUG org.example.service.TareaService - [completarTarea] Tarea encontrada - ID=1, nombre='Ir al gimnasio', estadoActual=false
2026-02-25 01:43:21.083 [main] INFO  org.example.service.TareaService - [completarTarea] Tarea ID=1 marcada como completada exitosamente.
2026-02-25 01:43:21.083 [main] DEBUG org.example.service.TareaService - [marcarTareaComoIncompleta] Inicio - buscando tarea con ID=1
2026-02-25 01:43:21.083 [main] DEBUG org.example.service.TareaService - [buscarTareaId] Buscando tarea con ID=1 entre 1 tarea(s).
2026-02-25 01:43:21.083 [main] DEBUG org.example.service.TareaService - [marcarTareaComoIncompleta] Tarea encontrada - ID=1, nombre='Ir al gimnasio', estadoActual=true
2026-02-25 01:43:21.083 [main] INFO  org.example.service.TareaService - [marcarTareaComoIncompleta] Tarea ID=1 marcada como incompleta exitosamente.
2026-02-25 01:43:21.083 [main] DEBUG org.example.service.TareaService - [listarTareas] Inicio - consultando lista completa.
2026-02-25 01:43:21.083 [main] DEBUG org.example.service.TareaService - [listarTareas] Total de tareas encontradas: 1
2026-02-25 01:43:21.088 [main] DEBUG org.example.service.TareaService - [eliminarTarea] Inicio - buscando tarea con ID=500
2026-02-25 01:43:21.088 [main] DEBUG org.example.service.TareaService - [buscarTareaId] Buscando tarea con ID=500 entre 0 tarea(s).
2026-02-25 01:43:21.088 [main] ERROR org.example.service.TareaService - [buscarTareaId] Tarea no encontrada con ID=500
2026-02-25 01:43:21.091 [main] DEBUG org.example.service.TareaService - [agregarTarea] Inicio - nombre='Lavar platos', descripcion='Usar detergente'
2026-02-25 01:43:21.092 [main] DEBUG org.example.service.TareaService - [agregarTarea] Validaciones pasadas correctamente.
2026-02-25 01:43:21.092 [main] INFO  org.example.service.TareaService - [agregarTarea] Tarea agregada exitosamente - ID=2
2026-02-25 01:43:21.092 [main] DEBUG org.example.service.TareaService - [listarTareas] Inicio - consultando lista completa.
2026-02-25 01:43:21.092 [main] DEBUG org.example.service.TareaService - [listarTareas] Total de tareas encontradas: 1
2026-02-25 01:43:21.093 [main] DEBUG org.example.service.TareaService - [marcarTareaComoIncompleta] Inicio - buscando tarea con ID=2
2026-02-25 01:43:21.093 [main] DEBUG org.example.service.TareaService - [buscarTareaId] Buscando tarea con ID=2 entre 1 tarea(s).
2026-02-25 01:43:21.093 [main] DEBUG org.example.service.TareaService - [marcarTareaComoIncompleta] Tarea encontrada - ID=2, nombre='Lavar platos', estadoActual=false
2026-02-25 01:43:21.093 [main] WARN  org.example.service.TareaService - [marcarTareaComoIncompleta] Operación rechazada - la tarea ID=2 ya estaba incompleta.
2026-02-25 01:43:21.097 [main] DEBUG org.example.service.TareaService - [exportarTareas] Inicio - nombreArchivo='', totalTareas=0
2026-02-25 01:43:21.097 [main] ERROR org.example.service.TareaService - [exportarTareas] Nombre de archivo inválido: ''
2026-02-25 01:43:21.099 [main] DEBUG org.example.service.TareaService - [agregarTarea] Inicio - nombre='Prueba', descripcion='Descripción'
2026-02-25 01:43:21.100 [main] DEBUG org.example.service.TareaService - [agregarTarea] Validaciones pasadas correctamente.
2026-02-25 01:43:21.100 [main] INFO  org.example.service.TareaService - [agregarTarea] Tarea agregada exitosamente - ID=3
2026-02-25 01:43:21.100 [main] DEBUG org.example.service.TareaService - [listarTareas] Inicio - consultando lista completa.
2026-02-25 01:43:21.100 [main] DEBUG org.example.service.TareaService - [listarTareas] Total de tareas encontradas: 1
2026-02-25 01:43:21.100 [main] DEBUG org.example.service.TareaService - [completarTarea] Inicio - buscando tarea con ID=3
2026-02-25 01:43:21.100 [main] DEBUG org.example.service.TareaService - [buscarTareaId] Buscando tarea con ID=3 entre 1 tarea(s).
2026-02-25 01:43:21.101 [main] DEBUG org.example.service.TareaService - [completarTarea] Tarea encontrada - ID=3, nombre='Prueba', estadoActual=false
2026-02-25 01:43:21.101 [main] INFO  org.example.service.TareaService - [completarTarea] Tarea ID=3 marcada como completada exitosamente.
2026-02-25 01:43:21.101 [main] DEBUG org.example.service.TareaService - [completarTarea] Inicio - buscando tarea con ID=3
2026-02-25 01:43:21.102 [main] DEBUG org.example.service.TareaService - [buscarTareaId] Buscando tarea con ID=3 entre 1 tarea(s).
2026-02-25 01:43:21.102 [main] DEBUG org.example.service.TareaService - [completarTarea] Tarea encontrada - ID=3, nombre='Prueba', estadoActual=true
2026-02-25 01:43:21.102 [main] WARN  org.example.service.TareaService - [completarTarea] Operación rechazada - la tarea ID=3 ya estaba completada.
2026-02-25 01:43:21.106 [main] DEBUG org.example.service.TareaService - [agregarTarea] Inicio - nombre='', descripcion='Descripción válida'
2026-02-25 01:43:21.110 [main] DEBUG org.example.service.TareaService - [agregarTarea] Inicio - nombre='Borrar', descripcion='Esta tarea será eliminada'
2026-02-25 01:43:21.111 [main] DEBUG org.example.service.TareaService - [agregarTarea] Validaciones pasadas correctamente.
2026-02-25 01:43:21.111 [main] INFO  org.example.service.TareaService - [agregarTarea] Tarea agregada exitosamente - ID=4
2026-02-25 01:43:21.111 [main] DEBUG org.example.service.TareaService - [listarTareas] Inicio - consultando lista completa.
2026-02-25 01:43:21.111 [main] DEBUG org.example.service.TareaService - [listarTareas] Total de tareas encontradas: 1
2026-02-25 01:43:21.111 [main] DEBUG org.example.service.TareaService - [eliminarTarea] Inicio - buscando tarea con ID=4
2026-02-25 01:43:21.111 [main] DEBUG org.example.service.TareaService - [buscarTareaId] Buscando tarea con ID=4 entre 1 tarea(s).
2026-02-25 01:43:21.111 [main] DEBUG org.example.service.TareaService - [eliminarTarea] Tarea encontrada - ID=4, nombre='Borrar'. Procediendo a eliminar.
2026-02-25 01:43:21.112 [main] WARN  org.example.service.TareaService - [eliminarTarea] Tarea ID=4 eliminada del sistema. Tareas restantes: 0
2026-02-25 01:43:21.112 [main] DEBUG org.example.service.TareaService - [listarTareas] Inicio - consultando lista completa.
2026-02-25 01:43:21.112 [main] DEBUG org.example.service.TareaService - [listarTareas] Total de tareas encontradas: 0
2026-02-25 01:43:21.120 [main] DEBUG org.example.service.TareaService - [agregarTarea] Inicio - nombre='Matemáticas', descripcion='Tarea para el lunes'
2026-02-25 01:43:21.120 [main] DEBUG org.example.service.TareaService - [agregarTarea] Validaciones pasadas correctamente.
2026-02-25 01:43:21.121 [main] INFO  org.example.service.TareaService - [agregarTarea] Tarea agregada exitosamente - ID=5
2026-02-25 01:43:21.121 [main] DEBUG org.example.service.TareaService - [listarTareas] Inicio - consultando lista completa.
2026-02-25 01:43:21.121 [main] DEBUG org.example.service.TareaService - [listarTareas] Total de tareas encontradas: 1
2026-02-25 01:43:21.127 [main] DEBUG org.example.service.TareaService - [agregarTarea] Inicio - nombre='null', descripcion='Descripción válida'
2026-02-25 01:43:21.133 [main] DEBUG org.example.service.TareaService - [agregarTarea] Inicio - nombre='Estudiar', descripcion='Preparar examen de Java'
2026-02-25 01:43:21.134 [main] DEBUG org.example.service.TareaService - [agregarTarea] Validaciones pasadas correctamente.
2026-02-25 01:43:21.134 [main] INFO  org.example.service.TareaService - [agregarTarea] Tarea agregada exitosamente - ID=6
2026-02-25 01:43:21.134 [main] DEBUG org.example.service.TareaService - [listarTareas] Inicio - consultando lista completa.
2026-02-25 01:43:21.134 [main] DEBUG org.example.service.TareaService - [listarTareas] Total de tareas encontradas: 1
2026-02-25 01:43:21.134 [main] DEBUG org.example.service.TareaService - [completarTarea] Inicio - buscando tarea con ID=6
2026-02-25 01:43:21.134 [main] DEBUG org.example.service.TareaService - [buscarTareaId] Buscando tarea con ID=6 entre 1 tarea(s).
2026-02-25 01:43:21.135 [main] DEBUG org.example.service.TareaService - [completarTarea] Tarea encontrada - ID=6, nombre='Estudiar', estadoActual=false
2026-02-25 01:43:21.135 [main] INFO  org.example.service.TareaService - [completarTarea] Tarea ID=6 marcada como completada exitosamente.
2026-02-25 01:43:21.135 [main] DEBUG org.example.service.TareaService - [listarTareas] Inicio - consultando lista completa.
2026-02-25 01:43:21.135 [main] DEBUG org.example.service.TareaService - [listarTareas] Total de tareas encontradas: 1
2026-02-25 01:43:21.139 [main] DEBUG org.example.service.TareaService - [agregarTarea] Inicio - nombre='Test Export', descripcion='Contenido para el archivo'
2026-02-25 01:43:21.139 [main] DEBUG org.example.service.TareaService - [agregarTarea] Validaciones pasadas correctamente.
2026-02-25 01:43:21.139 [main] INFO  org.example.service.TareaService - [agregarTarea] Tarea agregada exitosamente - ID=7
2026-02-25 01:43:21.140 [main] DEBUG org.example.service.TareaService - [exportarTareas] Inicio - nombreArchivo='test_tareas.txt', totalTareas=1
2026-02-25 01:43:21.141 [main] INFO  org.example.service.TareaService - [exportarTareas] Iniciando exportación a archivo: 'test_tareas.txt'
2026-02-25 01:43:21.147 [main] DEBUG org.example.service.TareaService - [exportarTareas] Tarea escrita - ID=7, nombre='Test Export'
2026-02-25 01:43:21.147 [main] INFO  org.example.service.TareaService - [exportarTareas] Exportación completada exitosamente. 1 tarea(s) exportada(s) a 'test_tareas.txt'.
2026-02-25 01:50:42.099 [main] DEBUG org.example.service.TareaService - [agregarTarea] Inicio - nombre='Matematicas', descripcion='Taller final'
2026-02-25 01:50:42.104 [main] DEBUG org.example.service.TareaService - [agregarTarea] Validaciones pasadas correctamente.
2026-02-25 01:50:42.106 [main] INFO  org.example.service.TareaService - [agregarTarea] Tarea agregada exitosamente - ID=1
2026-02-25 01:50:42.107 [main] INFO  org.example.Main - Tarea agregada exitosamente
2026-02-25 01:53:08.292 [main] DEBUG org.example.service.TareaService - [agregarTarea] Inicio - nombre='fe', descripcion='ef'
2026-02-25 01:53:08.295 [main] DEBUG org.example.service.TareaService - [agregarTarea] Validaciones pasadas correctamente.
2026-02-25 01:53:08.296 [main] INFO  org.example.service.TareaService - [agregarTarea] Tarea agregada exitosamente - ID=1
2026-02-25 01:53:19.904 [main] DEBUG org.example.service.TareaService - [marcarTareaComoIncompleta] Inicio - buscando tarea con ID=1
2026-02-25 01:53:19.904 [main] DEBUG org.example.service.TareaService - [buscarTareaId] Buscando tarea con ID=1 entre 1 tarea(s).
2026-02-25 01:53:19.907 [main] DEBUG org.example.service.TareaService - [marcarTareaComoIncompleta] Tarea encontrada - ID=1, nombre='fe', estadoActual=false
2026-02-25 01:53:19.907 [main] WARN  org.example.service.TareaService - [marcarTareaComoIncompleta] Operación rechazada - la tarea ID=1 ya estaba incompleta.
2026-02-25 01:53:19.908 [main] ERROR org.example.Main - Error: La tarea con ID 1 ya se encuentra incompleta.
2026-02-25 01:53:25.936 [main] DEBUG org.example.service.TareaService - [completarTarea] Inicio - buscando tarea con ID=1
2026-02-25 01:53:25.936 [main] DEBUG org.example.service.TareaService - [buscarTareaId] Buscando tarea con ID=1 entre 1 tarea(s).
2026-02-25 01:53:25.936 [main] DEBUG org.example.service.TareaService - [completarTarea] Tarea encontrada - ID=1, nombre='fe', estadoActual=false
2026-02-25 01:53:25.936 [main] INFO  org.example.service.TareaService - [completarTarea] Tarea ID=1 marcada como completada exitosamente.
2026-02-25 01:53:32.888 [main] DEBUG org.example.service.TareaService - [marcarTareaComoIncompleta] Inicio - buscando tarea con ID=1
2026-02-25 01:53:32.888 [main] DEBUG org.example.service.TareaService - [buscarTareaId] Buscando tarea con ID=1 entre 1 tarea(s).
2026-02-25 01:53:32.888 [main] DEBUG org.example.service.TareaService - [marcarTareaComoIncompleta] Tarea encontrada - ID=1, nombre='fe', estadoActual=true
2026-02-25 01:53:32.889 [main] INFO  org.example.service.TareaService - [marcarTareaComoIncompleta] Tarea ID=1 marcada como incompleta exitosamente.
2026-02-25 01:55:42.295 [main] DEBUG org.example.service.TareaService - [agregarTarea] Inicio - nombre='grg', descripcion='rgrg'
2026-02-25 01:55:42.298 [main] DEBUG org.example.service.TareaService - [agregarTarea] Validaciones pasadas correctamente.
2026-02-25 01:55:42.299 [main] INFO  org.example.service.TareaService - [agregarTarea] Tarea agregada exitosamente - ID=1
2026-02-25 01:55:45.581 [main] DEBUG org.example.service.TareaService - [completarTarea] Inicio - buscando tarea con ID=1
2026-02-25 01:55:45.581 [main] DEBUG org.example.service.TareaService - [buscarTareaId] Buscando tarea con ID=1 entre 1 tarea(s).
2026-02-25 01:55:45.584 [main] DEBUG org.example.service.TareaService - [completarTarea] Tarea encontrada - ID=1, nombre='grg', estadoActual=false
2026-02-25 01:55:45.584 [main] INFO  org.example.service.TareaService - [completarTarea] Tarea ID=1 marcada como completada exitosamente.
2026-02-25 01:55:47.156 [main] DEBUG org.example.service.TareaService - [marcarTareaComoIncompleta] Inicio - buscando tarea con ID=1
2026-02-25 01:55:47.157 [main] DEBUG org.example.service.TareaService - [buscarTareaId] Buscando tarea con ID=1 entre 1 tarea(s).
2026-02-25 01:55:47.157 [main] DEBUG org.example.service.TareaService - [marcarTareaComoIncompleta] Tarea encontrada - ID=1, nombre='grg', estadoActual=true
2026-02-25 01:55:47.157 [main] INFO  org.example.service.TareaService - [marcarTareaComoIncompleta] Tarea ID=1 marcada como incompleta exitosamente.
2026-02-25 01:55:57.859 [main] DEBUG org.example.service.TareaService - [exportarTareas] Inicio - nombreArchivo='jsjs.txt', totalTareas=1
2026-02-25 01:55:57.860 [main] INFO  org.example.service.TareaService - [exportarTareas] Iniciando exportación a archivo: 'jsjs.txt'
2026-02-25 01:55:57.863 [main] DEBUG org.example.service.TareaService - [exportarTareas] Tarea escrita - ID=1, nombre='grg'
2026-02-25 01:55:57.864 [main] INFO  org.example.service.TareaService - [exportarTareas] Exportación completada exitosamente. 1 tarea(s) exportada(s) a 'jsjs.txt'.
2026-02-25 01:56:10.164 [main] DEBUG org.example.service.TareaService - [eliminarTarea] Inicio - buscando tarea con ID=1
2026-02-25 01:56:10.165 [main] DEBUG org.example.service.TareaService - [buscarTareaId] Buscando tarea con ID=1 entre 1 tarea(s).
2026-02-25 01:56:10.165 [main] DEBUG org.example.service.TareaService - [eliminarTarea] Tarea encontrada - ID=1, nombre='grg'. Procediendo a eliminar.
2026-02-25 01:56:10.165 [main] WARN  org.example.service.TareaService - [eliminarTarea] Tarea ID=1 eliminada del sistema. Tareas restantes: 0
2026-02-25 01:57:58.063 [main] DEBUG org.example.service.TareaService - [agregarTarea] Inicio - nombre='Matematicas', descripcion='Taller final'
2026-02-25 01:57:58.067 [main] DEBUG org.example.service.TareaService - [agregarTarea] Validaciones pasadas correctamente.
2026-02-25 01:57:58.068 [main] INFO  org.example.service.TareaService - [agregarTarea] Tarea agregada exitosamente - ID=1
2026-02-25 01:58:13.957 [main] DEBUG org.example.service.TareaService - [agregarTarea] Inicio - nombre='Fisica', descripcion='Examen de leyes de Newton'
2026-02-25 01:58:13.958 [main] DEBUG org.example.service.TareaService - [agregarTarea] Validaciones pasadas correctamente.
2026-02-25 01:58:13.958 [main] INFO  org.example.service.TareaService - [agregarTarea] Tarea agregada exitosamente - ID=2
2026-02-25 01:58:36.863 [main] DEBUG org.example.service.TareaService - [agregarTarea] Inicio - nombre='Quimica', descripcion='Trabajo grupal'
2026-02-25 01:58:36.863 [main] DEBUG org.example.service.TareaService - [agregarTarea] Validaciones pasadas correctamente.
2026-02-25 01:58:36.863 [main] INFO  org.example.service.TareaService - [agregarTarea] Tarea agregada exitosamente - ID=3
2026-02-25 01:58:42.287 [main] DEBUG org.example.service.TareaService - [completarTarea] Inicio - buscando tarea con ID=2
2026-02-25 01:58:42.287 [main] DEBUG org.example.service.TareaService - [buscarTareaId] Buscando tarea con ID=2 entre 3 tarea(s).
2026-02-25 01:58:42.289 [main] DEBUG org.example.service.TareaService - [completarTarea] Tarea encontrada - ID=2, nombre='Fisica', estadoActual=false
2026-02-25 01:58:42.289 [main] INFO  org.example.service.TareaService - [completarTarea] Tarea ID=2 marcada como completada exitosamente.
2026-02-25 01:58:43.704 [main] DEBUG org.example.service.TareaService - [listarTareas] Inicio - consultando lista completa.
2026-02-25 01:58:43.704 [main] DEBUG org.example.service.TareaService - [listarTareas] Total de tareas encontradas: 3
2026-02-25 01:59:32.226 [main] DEBUG org.example.service.TareaService - [exportarTareas] Inicio - nombreArchivo='Trabajos.txt', totalTareas=3
2026-02-25 01:59:32.226 [main] INFO  org.example.service.TareaService - [exportarTareas] Iniciando exportación a archivo: 'Trabajos.txt'
2026-02-25 01:59:32.228 [main] DEBUG org.example.service.TareaService - [exportarTareas] Tarea escrita - ID=1, nombre='Matematicas'
2026-02-25 01:59:32.228 [main] DEBUG org.example.service.TareaService - [exportarTareas] Tarea escrita - ID=2, nombre='Fisica'
2026-02-25 01:59:32.228 [main] DEBUG org.example.service.TareaService - [exportarTareas] Tarea escrita - ID=3, nombre='Quimica'
2026-02-25 01:59:32.228 [main] INFO  org.example.service.TareaService - [exportarTareas] Exportación completada exitosamente. 3 tarea(s) exportada(s) a 'Trabajos.txt'.
2026-02-25 02:00:20.275 [main] DEBUG org.example.service.TareaService - [listarTareas] Inicio - consultando lista completa.
2026-02-25 02:00:20.276 [main] DEBUG org.example.service.TareaService - [listarTareas] Total de tareas encontradas: 3
2026-02-25 02:00:41.721 [main] DEBUG org.example.service.TareaService - [exportarTareas] Inicio - nombreArchivo='Trabajos.txt', totalTareas=3
2026-02-25 02:00:41.721 [main] INFO  org.example.service.TareaService - [exportarTareas] Iniciando exportación a archivo: 'Trabajos.txt'
2026-02-25 02:00:41.722 [main] DEBUG org.example.service.TareaService - [exportarTareas] Tarea escrita - ID=1, nombre='Matematicas'
2026-02-25 02:00:41.723 [main] DEBUG org.example.service.TareaService - [exportarTareas] Tarea escrita - ID=2, nombre='Fisica'
2026-02-25 02:00:41.723 [main] DEBUG org.example.service.TareaService - [exportarTareas] Tarea escrita - ID=3, nombre='Quimica'
2026-02-25 02:00:41.723 [main] INFO  org.example.service.TareaService - [exportarTareas] Exportación completada exitosamente. 3 tarea(s) exportada(s) a 'Trabajos.txt'.
